Warn : deprecated option: -p/--pipe. Use '-c "gdb_port pipe; log_output openocd.log"' instead.
hla_swd
Info : The selected transport took over low-level target control. The results might differ compared to plain JTAG/SWD
adapter speed: 2000 kHz
adapter_nsrst_delay: 100
srst_only separate srst_nogate srst_open_drain connect_deassert_srst
Info : Unable to match requested speed 2000 kHz, using 1800 kHz
Info : Unable to match requested speed 2000 kHz, using 1800 kHz
Info : clock speed 1800 kHz
Info : STLINK v2 JTAG v33 API v2 SWIM v25 VID 0x0483 PID 0x374B
Info : using stlink api v2
Info : Target voltage: 3.218898
Info : stm32f7x.cpu: hardware has 8 breakpoints, 4 watchpoints
Info : accepting 'gdb' connection from pipe
Info : device id = 0x10006451
Info : flash size = 2048kbytes
Info : Single Bank 2048 kiB STM32F76x/77x found
undefined debug reason 7 - target needs reset
target halted due to debug-request, current mode: Handler HardFault
xPSR: 0x210f0003 pc: 0x080009ce msp: 0x2006feb8
Info : accepting 'telnet' connection on tcp/4444
target halted due to debug-request, current mode: Thread 
xPSR: 0x01000000 pc: 0x08001150 msp: 0x20070000
** Programming Started **
auto erase enabled
target halted due to breakpoint, current mode: Thread 
xPSR: 0x61000000 pc: 0x20000046 msp: 0x20070000
wrote 65536 bytes from file /home/h2obrain/git/libopencm3-examples/examples/stm32/f7/stm32f769i-discovery/chrut_und_ruebli/application.elf in 1.454361s (44.006 KiB/s)
** Programming Finished **
** Verify Started **
target halted due to breakpoint, current mode: Thread 
xPSR: 0x61000000 pc: 0x2000002e msp: 0x20070000
target halted due to breakpoint, current mode: Thread 
xPSR: 0x61000000 pc: 0x2000002e msp: 0x20070000
verified 34400 bytes in 0.203960s (164.708 KiB/s)
** Verified OK **
** Resetting Target **
Info : dropped 'telnet' connection
Warn : WARNING! The target is already running. All changes GDB did to registers will be discarded! Waiting for target to halt.
Info : accepting 'telnet' connection on tcp/4444
target halted due to debug-request, current mode: Thread 
xPSR: 0x01000000 pc: 0x08001160 msp: 0x20070000
** Programming Started **
auto erase enabled
target halted due to breakpoint, current mode: Thread 
xPSR: 0x61000000 pc: 0x20000046 msp: 0x20070000
wrote 65536 bytes from file /home/h2obrain/git/libopencm3-examples/examples/stm32/f7/stm32f769i-discovery/chrut_und_ruebli/application.elf in 1.445411s (44.278 KiB/s)
** Programming Finished **
** Verify Started **
target halted due to breakpoint, current mode: Thread 
xPSR: 0x61000000 pc: 0x2000002e msp: 0x20070000
target halted due to breakpoint, current mode: Thread 
xPSR: 0x61000000 pc: 0x2000002e msp: 0x20070000
verified 34400 bytes in 0.205991s (163.084 KiB/s)
** Verified OK **
** Resetting Target **
Info : dropped 'telnet' connection
Warn : WARNING! The target is already running. All changes GDB did to registers will be discarded! Waiting for target to halt.
Info : accepting 'telnet' connection on tcp/4444
target halted due to debug-request, current mode: Thread 
xPSR: 0x01000000 pc: 0x08001160 msp: 0x20070000
** Programming Started **
auto erase enabled
target halted due to breakpoint, current mode: Thread 
xPSR: 0x61000000 pc: 0x20000046 msp: 0x20070000
wrote 65536 bytes from file /home/h2obrain/git/libopencm3-examples/examples/stm32/f7/stm32f769i-discovery/chrut_und_ruebli/application.elf in 1.447919s (44.201 KiB/s)
** Programming Finished **
** Verify Started **
target halted due to breakpoint, current mode: Thread 
xPSR: 0x61000000 pc: 0x2000002e msp: 0x20070000
target halted due to breakpoint, current mode: Thread 
xPSR: 0x61000000 pc: 0x2000002e msp: 0x20070000
verified 34400 bytes in 0.203543s (165.045 KiB/s)
** Verified OK **
** Resetting Target **
Info : dropped 'telnet' connection
Warn : WARNING! The target is already running. All changes GDB did to registers will be discarded! Waiting for target to halt.
Info : accepting 'telnet' connection on tcp/4444
target halted due to debug-request, current mode: Thread 
xPSR: 0x01000000 pc: 0x08001160 msp: 0x20070000
** Programming Started **
auto erase enabled
target halted due to breakpoint, current mode: Thread 
xPSR: 0x61000000 pc: 0x20000046 msp: 0x20070000
wrote 65536 bytes from file /home/h2obrain/git/libopencm3-examples/examples/stm32/f7/stm32f769i-discovery/chrut_und_ruebli/application.elf in 1.448159s (44.194 KiB/s)
** Programming Finished **
** Verify Started **
target halted due to breakpoint, current mode: Thread 
xPSR: 0x61000000 pc: 0x2000002e msp: 0x20070000
target halted due to breakpoint, current mode: Thread 
xPSR: 0x61000000 pc: 0x2000002e msp: 0x20070000
verified 34400 bytes in 0.205856s (163.191 KiB/s)
** Verified OK **
** Resetting Target **
Info : dropped 'telnet' connection
Warn : WARNING! The target is already running. All changes GDB did to registers will be discarded! Waiting for target to halt.
Info : accepting 'telnet' connection on tcp/4444
target halted due to debug-request, current mode: Thread 
xPSR: 0x01000000 pc: 0x08001160 msp: 0x20070000
** Programming Started **
auto erase enabled
target halted due to breakpoint, current mode: Thread 
xPSR: 0x61000000 pc: 0x20000046 msp: 0x20070000
wrote 65536 bytes from file /home/h2obrain/git/libopencm3-examples/examples/stm32/f7/stm32f769i-discovery/chrut_und_ruebli/application.elf in 1.456417s (43.943 KiB/s)
** Programming Finished **
** Verify Started **
target halted due to breakpoint, current mode: Thread 
xPSR: 0x61000000 pc: 0x2000002e msp: 0x20070000
target halted due to breakpoint, current mode: Thread 
xPSR: 0x61000000 pc: 0x2000002e msp: 0x20070000
verified 34400 bytes in 0.204770s (164.056 KiB/s)
** Verified OK **
** Resetting Target **
Info : dropped 'telnet' connection
Warn : WARNING! The target is already running. All changes GDB did to registers will be discarded! Waiting for target to halt.
Info : accepting 'telnet' connection on tcp/4444
target halted due to debug-request, current mode: Thread 
xPSR: 0x01000000 pc: 0x08001160 msp: 0x20070000
** Programming Started **
auto erase enabled
target halted due to breakpoint, current mode: Thread 
xPSR: 0x61000000 pc: 0x20000046 msp: 0x20070000
wrote 65536 bytes from file /home/h2obrain/git/libopencm3-examples/examples/stm32/f7/stm32f769i-discovery/chrut_und_ruebli/application.elf in 1.449586s (44.151 KiB/s)
** Programming Finished **
** Verify Started **
target halted due to breakpoint, current mode: Thread 
xPSR: 0x61000000 pc: 0x2000002e msp: 0x20070000
target halted due to breakpoint, current mode: Thread 
xPSR: 0x61000000 pc: 0x2000002e msp: 0x20070000
verified 34400 bytes in 0.203068s (165.431 KiB/s)
** Verified OK **
** Resetting Target **
Info : dropped 'telnet' connection
Info : accepting 'telnet' connection on tcp/4444
target halted due to debug-request, current mode: Handler HardFault
xPSR: 0x210f0003 pc: 0x080009ea msp: 0x2006feb8
target halted due to debug-request, current mode: Thread 
xPSR: 0x01000000 pc: 0x08001168 msp: 0x20070000
** Programming Started **
auto erase enabled
target halted due to breakpoint, current mode: Thread 
xPSR: 0x61000000 pc: 0x20000046 msp: 0x20070000
wrote 65536 bytes from file /home/h2obrain/git/libopencm3-examples/examples/stm32/f7/stm32f769i-discovery/chrut_und_ruebli/application.elf in 1.459576s (43.848 KiB/s)
Warn : keep_alive() was not invoked in the 1000ms timelimit. GDB alive packet not sent! (1053). Workaround: increase "set remotetimeout" in GDB
** Programming Finished **
** Verify Started **
target halted due to breakpoint, current mode: Thread 
xPSR: 0x61000000 pc: 0x2000002e msp: 0x20070000
target halted due to breakpoint, current mode: Thread 
xPSR: 0x61000000 pc: 0x2000002e msp: 0x20070000
verified 34400 bytes in 0.204314s (164.422 KiB/s)
** Verified OK **
** Resetting Target **
Info : dropped 'telnet' connection
Info : accepting 'telnet' connection on tcp/4444
target halted due to debug-request, current mode: Handler HardFault
xPSR: 0x210f0003 pc: 0x080009ea msp: 0x2006feb8
target halted due to debug-request, current mode: Thread 
xPSR: 0x01000000 pc: 0x08001168 msp: 0x20070000
** Programming Started **
auto erase enabled
target halted due to breakpoint, current mode: Thread 
xPSR: 0x61000000 pc: 0x20000046 msp: 0x20070000
wrote 65536 bytes from file /home/h2obrain/git/libopencm3-examples/examples/stm32/f7/stm32f769i-discovery/chrut_und_ruebli/application.elf in 1.448797s (44.175 KiB/s)
Warn : keep_alive() was not invoked in the 1000ms timelimit. GDB alive packet not sent! (1060). Workaround: increase "set remotetimeout" in GDB
** Programming Finished **
** Verify Started **
target halted due to breakpoint, current mode: Thread 
xPSR: 0x61000000 pc: 0x2000002e msp: 0x20070000
target halted due to breakpoint, current mode: Thread 
xPSR: 0x61000000 pc: 0x2000002e msp: 0x20070000
verified 34400 bytes in 0.207022s (162.271 KiB/s)
** Verified OK **
** Resetting Target **
Info : dropped 'telnet' connection
Info : accepting 'telnet' connection on tcp/4444
target halted due to debug-request, current mode: Handler HardFault
xPSR: 0x210f0003 pc: 0x080009ea msp: 0x2006feb8
target halted due to debug-request, current mode: Thread 
xPSR: 0x01000000 pc: 0x08001168 msp: 0x20070000
** Programming Started **
auto erase enabled
target halted due to breakpoint, current mode: Thread 
xPSR: 0x61000000 pc: 0x20000046 msp: 0x20070000
wrote 65536 bytes from file /home/h2obrain/git/libopencm3-examples/examples/stm32/f7/stm32f769i-discovery/chrut_und_ruebli/application.elf in 1.451905s (44.080 KiB/s)
Warn : keep_alive() was not invoked in the 1000ms timelimit. GDB alive packet not sent! (1034). Workaround: increase "set remotetimeout" in GDB
** Programming Finished **
** Verify Started **
target halted due to breakpoint, current mode: Thread 
xPSR: 0x61000000 pc: 0x2000002e msp: 0x20070000
target halted due to breakpoint, current mode: Thread 
xPSR: 0x61000000 pc: 0x2000002e msp: 0x20070000
verified 34400 bytes in 0.206030s (163.053 KiB/s)
** Verified OK **
** Resetting Target **
Info : dropped 'telnet' connection
Info : accepting 'telnet' connection on tcp/4444
target halted due to debug-request, current mode: Handler HardFault
xPSR: 0x210f0003 pc: 0x080009ea msp: 0x2006feb8
target halted due to debug-request, current mode: Thread 
xPSR: 0x01000000 pc: 0x08001168 msp: 0x20070000
** Programming Started **
auto erase enabled
target halted due to breakpoint, current mode: Thread 
xPSR: 0x61000000 pc: 0x20000046 msp: 0x20070000
wrote 65536 bytes from file /home/h2obrain/git/libopencm3-examples/examples/stm32/f7/stm32f769i-discovery/chrut_und_ruebli/application.elf in 1.453183s (44.041 KiB/s)
Warn : keep_alive() was not invoked in the 1000ms timelimit. GDB alive packet not sent! (1097). Workaround: increase "set remotetimeout" in GDB
** Programming Finished **
** Verify Started **
target halted due to breakpoint, current mode: Thread 
xPSR: 0x61000000 pc: 0x2000002e msp: 0x20070000
target halted due to breakpoint, current mode: Thread 
xPSR: 0x61000000 pc: 0x2000002e msp: 0x20070000
verified 34400 bytes in 0.206442s (162.727 KiB/s)
** Verified OK **
** Resetting Target **
Info : dropped 'telnet' connection
Info : accepting 'telnet' connection on tcp/4444
target halted due to debug-request, current mode: Handler HardFault
xPSR: 0x210f0003 pc: 0x080009ea msp: 0x2006feb8
target halted due to debug-request, current mode: Thread 
xPSR: 0x01000000 pc: 0x08001168 msp: 0x20070000
** Programming Started **
auto erase enabled
target halted due to breakpoint, current mode: Thread 
xPSR: 0x61000000 pc: 0x20000046 msp: 0x20070000
wrote 65536 bytes from file /home/h2obrain/git/libopencm3-examples/examples/stm32/f7/stm32f769i-discovery/chrut_und_ruebli/application.elf in 1.448016s (44.198 KiB/s)
Warn : keep_alive() was not invoked in the 1000ms timelimit. GDB alive packet not sent! (1045). Workaround: increase "set remotetimeout" in GDB
** Programming Finished **
** Verify Started **
target halted due to breakpoint, current mode: Thread 
xPSR: 0x61000000 pc: 0x2000002e msp: 0x20070000
target halted due to breakpoint, current mode: Thread 
xPSR: 0x61000000 pc: 0x2000002e msp: 0x20070000
verified 34424 bytes in 0.206964s (162.430 KiB/s)
** Verified OK **
** Resetting Target **
Info : dropped 'telnet' connection
Info : accepting 'telnet' connection on tcp/4444
target halted due to debug-request, current mode: Handler HardFault
xPSR: 0x210f0003 pc: 0x080009ea msp: 0x2006fe70
target halted due to debug-request, current mode: Thread 
xPSR: 0x01000000 pc: 0x08001168 msp: 0x20070000
** Programming Started **
auto erase enabled
target halted due to breakpoint, current mode: Thread 
xPSR: 0x61000000 pc: 0x20000046 msp: 0x20070000
wrote 65536 bytes from file /home/h2obrain/git/libopencm3-examples/examples/stm32/f7/stm32f769i-discovery/chrut_und_ruebli/application.elf in 1.439436s (44.462 KiB/s)
Warn : keep_alive() was not invoked in the 1000ms timelimit. GDB alive packet not sent! (1089). Workaround: increase "set remotetimeout" in GDB
** Programming Finished **
** Verify Started **
target halted due to breakpoint, current mode: Thread 
xPSR: 0x61000000 pc: 0x2000002e msp: 0x20070000
target halted due to breakpoint, current mode: Thread 
xPSR: 0x61000000 pc: 0x2000002e msp: 0x20070000
verified 34552 bytes in 0.205855s (163.912 KiB/s)
** Verified OK **
** Resetting Target **
Info : dropped 'telnet' connection
Info : accepting 'telnet' connection on tcp/4444
target halted due to debug-request, current mode: Handler HardFault
xPSR: 0x210f0003 pc: 0x08000a26 msp: 0x2006fe70
target halted due to debug-request, current mode: Thread 
xPSR: 0x01000000 pc: 0x080011f4 msp: 0x20070000
** Programming Started **
auto erase enabled
target halted due to breakpoint, current mode: Thread 
xPSR: 0x61000000 pc: 0x20000046 msp: 0x20070000
wrote 65536 bytes from file /home/h2obrain/git/libopencm3-examples/examples/stm32/f7/stm32f769i-discovery/chrut_und_ruebli/application.elf in 1.446188s (44.254 KiB/s)
Warn : keep_alive() was not invoked in the 1000ms timelimit. GDB alive packet not sent! (1091). Workaround: increase "set remotetimeout" in GDB
** Programming Finished **
** Verify Started **
target halted due to breakpoint, current mode: Thread 
xPSR: 0x61000000 pc: 0x2000002e msp: 0x20070000
target halted due to breakpoint, current mode: Thread 
xPSR: 0x61000000 pc: 0x2000002e msp: 0x20070000
verified 34552 bytes in 0.205920s (163.861 KiB/s)
** Verified OK **
** Resetting Target **
Info : dropped 'telnet' connection
Info : accepting 'telnet' connection on tcp/4444
target halted due to debug-request, current mode: Handler HardFault
xPSR: 0x210f0003 pc: 0x08000a26 msp: 0x2006fe70
target halted due to debug-request, current mode: Thread 
xPSR: 0x01000000 pc: 0x080011f4 msp: 0x20070000
** Programming Started **
auto erase enabled
target halted due to breakpoint, current mode: Thread 
xPSR: 0x61000000 pc: 0x20000046 msp: 0x20070000
wrote 65536 bytes from file /home/h2obrain/git/libopencm3-examples/examples/stm32/f7/stm32f769i-discovery/chrut_und_ruebli/application.elf in 1.456916s (43.928 KiB/s)
Warn : keep_alive() was not invoked in the 1000ms timelimit. GDB alive packet not sent! (1071). Workaround: increase "set remotetimeout" in GDB
** Programming Finished **
** Verify Started **
target halted due to breakpoint, current mode: Thread 
xPSR: 0x61000000 pc: 0x2000002e msp: 0x20070000
target halted due to breakpoint, current mode: Thread 
xPSR: 0x61000000 pc: 0x2000002e msp: 0x20070000
verified 34616 bytes in 0.206195s (163.945 KiB/s)
** Verified OK **
** Resetting Target **
Info : dropped 'telnet' connection
Info : accepting 'telnet' connection on tcp/4444
target halted due to debug-request, current mode: Handler HardFault
xPSR: 0x210f0003 pc: 0x08000a4a msp: 0x2006fe70
target halted due to debug-request, current mode: Thread 
xPSR: 0x01000000 pc: 0x08001214 msp: 0x20070000
** Programming Started **
auto erase enabled
target halted due to breakpoint, current mode: Thread 
xPSR: 0x61000000 pc: 0x20000046 msp: 0x20070000
wrote 65536 bytes from file /home/h2obrain/git/libopencm3-examples/examples/stm32/f7/stm32f769i-discovery/chrut_und_ruebli/application.elf in 1.444239s (44.314 KiB/s)
Warn : keep_alive() was not invoked in the 1000ms timelimit. GDB alive packet not sent! (1053). Workaround: increase "set remotetimeout" in GDB
** Programming Finished **
** Verify Started **
target halted due to breakpoint, current mode: Thread 
xPSR: 0x61000000 pc: 0x2000002e msp: 0x20070000
target halted due to breakpoint, current mode: Thread 
xPSR: 0x61000000 pc: 0x2000002e msp: 0x20070000
verified 34616 bytes in 0.205864s (164.209 KiB/s)
** Verified OK **
** Resetting Target **
Info : dropped 'telnet' connection
Info : accepting 'telnet' connection on tcp/4444
target halted due to debug-request, current mode: Handler HardFault
xPSR: 0x210f0003 pc: 0x08000a4a msp: 0x2006fe70
target halted due to debug-request, current mode: Thread 
xPSR: 0x01000000 pc: 0x08001214 msp: 0x20070000
** Programming Started **
auto erase enabled
target halted due to breakpoint, current mode: Thread 
xPSR: 0x61000000 pc: 0x20000046 msp: 0x20070000
wrote 65536 bytes from file /home/h2obrain/git/libopencm3-examples/examples/stm32/f7/stm32f769i-discovery/chrut_und_ruebli/application.elf in 1.429625s (44.767 KiB/s)
Warn : keep_alive() was not invoked in the 1000ms timelimit. GDB alive packet not sent! (1031). Workaround: increase "set remotetimeout" in GDB
** Programming Finished **
** Verify Started **
target halted due to breakpoint, current mode: Thread 
xPSR: 0x61000000 pc: 0x2000002e msp: 0x20070000
target halted due to breakpoint, current mode: Thread 
xPSR: 0x61000000 pc: 0x2000002e msp: 0x20070000
verified 34616 bytes in 0.207933s (162.575 KiB/s)
** Verified OK **
** Resetting Target **
Info : dropped 'telnet' connection
Info : accepting 'telnet' connection on tcp/4444
target halted due to debug-request, current mode: Handler HardFault
xPSR: 0x210f0003 pc: 0x08000a4a msp: 0x2006fe70
target halted due to debug-request, current mode: Thread 
xPSR: 0x01000000 pc: 0x08001224 msp: 0x20070000
** Programming Started **
auto erase enabled
target halted due to breakpoint, current mode: Thread 
xPSR: 0x61000000 pc: 0x20000046 msp: 0x20070000
wrote 65536 bytes from file /home/h2obrain/git/libopencm3-examples/examples/stm32/f7/stm32f769i-discovery/chrut_und_ruebli/application.elf in 1.459956s (43.837 KiB/s)
Warn : keep_alive() was not invoked in the 1000ms timelimit. GDB alive packet not sent! (1110). Workaround: increase "set remotetimeout" in GDB
** Programming Finished **
** Verify Started **
target halted due to breakpoint, current mode: Thread 
xPSR: 0x61000000 pc: 0x2000002e msp: 0x20070000
target halted due to breakpoint, current mode: Thread 
xPSR: 0x61000000 pc: 0x2000002e msp: 0x20070000
verified 34488 bytes in 0.206192s (163.341 KiB/s)
** Verified OK **
** Resetting Target **
Info : dropped 'telnet' connection
Info : accepting 'telnet' connection on tcp/4444
target halted due to debug-request, current mode: Handler HardFault
xPSR: 0x210f0003 pc: 0x080009ee msp: 0x2006fe70
target halted due to debug-request, current mode: Thread 
xPSR: 0x01000000 pc: 0x080011cc msp: 0x20070000
** Programming Started **
auto erase enabled
target halted due to breakpoint, current mode: Thread 
xPSR: 0x61000000 pc: 0x20000046 msp: 0x20070000
wrote 65536 bytes from file /home/h2obrain/git/libopencm3-examples/examples/stm32/f7/stm32f769i-discovery/chrut_und_ruebli/application.elf in 1.452757s (44.054 KiB/s)
Warn : keep_alive() was not invoked in the 1000ms timelimit. GDB alive packet not sent! (1111). Workaround: increase "set remotetimeout" in GDB
** Programming Finished **
** Verify Started **
target halted due to breakpoint, current mode: Thread 
xPSR: 0x61000000 pc: 0x2000002e msp: 0x20070000
target halted due to breakpoint, current mode: Thread 
xPSR: 0x61000000 pc: 0x2000002e msp: 0x20070000
verified 34488 bytes in 0.207438s (162.360 KiB/s)
** Verified OK **
** Resetting Target **
Info : dropped 'telnet' connection
Info : accepting 'telnet' connection on tcp/4444
target halted due to debug-request, current mode: Handler HardFault
xPSR: 0x210f0003 pc: 0x080009ee msp: 0x2006fe70
target halted due to debug-request, current mode: Thread 
xPSR: 0x01000000 pc: 0x080011cc msp: 0x20070000
** Programming Started **
auto erase enabled
target halted due to breakpoint, current mode: Thread 
xPSR: 0x61000000 pc: 0x20000046 msp: 0x20070000
wrote 65536 bytes from file /home/h2obrain/git/libopencm3-examples/examples/stm32/f7/stm32f769i-discovery/chrut_und_ruebli/application.elf in 1.460346s (43.825 KiB/s)
Warn : keep_alive() was not invoked in the 1000ms timelimit. GDB alive packet not sent! (1065). Workaround: increase "set remotetimeout" in GDB
** Programming Finished **
** Verify Started **
target halted due to breakpoint, current mode: Thread 
xPSR: 0x61000000 pc: 0x2000002e msp: 0x20070000
target halted due to breakpoint, current mode: Thread 
xPSR: 0x61000000 pc: 0x2000002e msp: 0x20070000
verified 34488 bytes in 0.205963s (163.523 KiB/s)
** Verified OK **
** Resetting Target **
Info : dropped 'telnet' connection
Info : accepting 'telnet' connection on tcp/4444
target halted due to debug-request, current mode: Thread 
xPSR: 0x210f0000 pc: 0x08000806 msp: 0x2006fee0
target halted due to debug-request, current mode: Thread 
xPSR: 0x01000000 pc: 0x080011cc msp: 0x20070000
** Programming Started **
auto erase enabled
target halted due to breakpoint, current mode: Thread 
xPSR: 0x61000000 pc: 0x20000046 msp: 0x20070000
wrote 65536 bytes from file /home/h2obrain/git/libopencm3-examples/examples/stm32/f7/stm32f769i-discovery/chrut_und_ruebli/application.elf in 1.451511s (44.092 KiB/s)
Warn : keep_alive() was not invoked in the 1000ms timelimit. GDB alive packet not sent! (1077). Workaround: increase "set remotetimeout" in GDB
** Programming Finished **
** Verify Started **
target halted due to breakpoint, current mode: Thread 
xPSR: 0x61000000 pc: 0x2000002e msp: 0x20070000
target halted due to breakpoint, current mode: Thread 
xPSR: 0x61000000 pc: 0x2000002e msp: 0x20070000
verified 34488 bytes in 0.204682s (164.546 KiB/s)
** Verified OK **
** Resetting Target **
Info : dropped 'telnet' connection
Info : accepting 'telnet' connection on tcp/4444
target halted due to debug-request, current mode: Handler HardFault
xPSR: 0x210f0003 pc: 0x080009ee msp: 0x2006fe70
target halted due to debug-request, current mode: Thread 
xPSR: 0x01000000 pc: 0x080011cc msp: 0x20070000
** Programming Started **
auto erase enabled
target halted due to breakpoint, current mode: Thread 
xPSR: 0x61000000 pc: 0x20000046 msp: 0x20070000
wrote 65536 bytes from file /home/h2obrain/git/libopencm3-examples/examples/stm32/f7/stm32f769i-discovery/chrut_und_ruebli/application.elf in 1.444057s (44.320 KiB/s)
Warn : keep_alive() was not invoked in the 1000ms timelimit. GDB alive packet not sent! (1086). Workaround: increase "set remotetimeout" in GDB
** Programming Finished **
** Verify Started **
target halted due to breakpoint, current mode: Thread 
xPSR: 0x61000000 pc: 0x2000002e msp: 0x20070000
target halted due to breakpoint, current mode: Thread 
xPSR: 0x61000000 pc: 0x2000002e msp: 0x20070000
verified 34488 bytes in 0.206988s (162.713 KiB/s)
** Verified OK **
** Resetting Target **
Info : dropped 'telnet' connection
Info : accepting 'telnet' connection on tcp/4444
target halted due to debug-request, current mode: Handler HardFault
xPSR: 0x210f0003 pc: 0x080009ee msp: 0x2006fe70
target halted due to debug-request, current mode: Thread 
xPSR: 0x01000000 pc: 0x080011cc msp: 0x20070000
** Programming Started **
auto erase enabled
target halted due to breakpoint, current mode: Thread 
xPSR: 0x61000000 pc: 0x20000046 msp: 0x20070000
wrote 65536 bytes from file /home/h2obrain/git/libopencm3-examples/examples/stm32/f7/stm32f769i-discovery/chrut_und_ruebli/application.elf in 1.466290s (43.648 KiB/s)
Warn : keep_alive() was not invoked in the 1000ms timelimit. GDB alive packet not sent! (1112). Workaround: increase "set remotetimeout" in GDB
** Programming Finished **
** Verify Started **
target halted due to breakpoint, current mode: Thread 
xPSR: 0x61000000 pc: 0x2000002e msp: 0x20070000
target halted due to breakpoint, current mode: Thread 
xPSR: 0x61000000 pc: 0x2000002e msp: 0x20070000
verified 34488 bytes in 0.207476s (162.331 KiB/s)
** Verified OK **
** Resetting Target **
Info : dropped 'telnet' connection
Info : accepting 'telnet' connection on tcp/4444
target halted due to debug-request, current mode: Handler HardFault
xPSR: 0x210f0003 pc: 0x080009ee msp: 0x2006fe70
target halted due to debug-request, current mode: Thread 
xPSR: 0x01000000 pc: 0x080011cc msp: 0x20070000
** Programming Started **
auto erase enabled
target halted due to breakpoint, current mode: Thread 
xPSR: 0x61000000 pc: 0x20000046 msp: 0x20070000
wrote 65536 bytes from file /home/h2obrain/git/libopencm3-examples/examples/stm32/f7/stm32f769i-discovery/chrut_und_ruebli/application.elf in 1.453658s (44.027 KiB/s)
Warn : keep_alive() was not invoked in the 1000ms timelimit. GDB alive packet not sent! (1101). Workaround: increase "set remotetimeout" in GDB
** Programming Finished **
** Verify Started **
target halted due to breakpoint, current mode: Thread 
xPSR: 0x61000000 pc: 0x2000002e msp: 0x20070000
target halted due to breakpoint, current mode: Thread 
xPSR: 0x61000000 pc: 0x2000002e msp: 0x20070000
verified 34560 bytes in 0.207739s (162.463 KiB/s)
** Verified OK **
** Resetting Target **
Info : dropped 'telnet' connection
Info : accepting 'telnet' connection on tcp/4444
target halted due to debug-request, current mode: Handler HardFault
xPSR: 0x210f0003 pc: 0x080009ee msp: 0x2006feb8
target halted due to debug-request, current mode: Thread 
xPSR: 0x01000000 pc: 0x080011d8 msp: 0x20070000
** Programming Started **
auto erase enabled
target halted due to breakpoint, current mode: Thread 
xPSR: 0x61000000 pc: 0x20000046 msp: 0x20070000
wrote 65536 bytes from file /home/h2obrain/git/libopencm3-examples/examples/stm32/f7/stm32f769i-discovery/chrut_und_ruebli/application.elf in 1.452515s (44.062 KiB/s)
Warn : keep_alive() was not invoked in the 1000ms timelimit. GDB alive packet not sent! (1100). Workaround: increase "set remotetimeout" in GDB
** Programming Finished **
** Verify Started **
target halted due to breakpoint, current mode: Thread 
xPSR: 0x61000000 pc: 0x2000002e msp: 0x20070000
target halted due to breakpoint, current mode: Thread 
xPSR: 0x61000000 pc: 0x2000002e msp: 0x20070000
verified 34560 bytes in 0.206521s (163.422 KiB/s)
** Verified OK **
** Resetting Target **
Info : dropped 'telnet' connection
Info : accepting 'telnet' connection on tcp/4444
target halted due to debug-request, current mode: Handler HardFault
xPSR: 0x210f0003 pc: 0x080009ee msp: 0x2006feb8
target halted due to debug-request, current mode: Thread 
xPSR: 0x01000000 pc: 0x080011d8 msp: 0x20070000
** Programming Started **
auto erase enabled
target halted due to breakpoint, current mode: Thread 
xPSR: 0x61000000 pc: 0x20000046 msp: 0x20070000
wrote 65536 bytes from file /home/h2obrain/git/libopencm3-examples/examples/stm32/f7/stm32f769i-discovery/chrut_und_ruebli/application.elf in 1.462861s (43.750 KiB/s)
Warn : keep_alive() was not invoked in the 1000ms timelimit. GDB alive packet not sent! (1062). Workaround: increase "set remotetimeout" in GDB
** Programming Finished **
** Verify Started **
target halted due to breakpoint, current mode: Thread 
xPSR: 0x61000000 pc: 0x2000002e msp: 0x20070000
target halted due to breakpoint, current mode: Thread 
xPSR: 0x61000000 pc: 0x2000002e msp: 0x20070000
verified 34560 bytes in 0.207827s (162.395 KiB/s)
** Verified OK **
** Resetting Target **
Info : dropped 'telnet' connection
Info : accepting 'telnet' connection on tcp/4444
target halted due to debug-request, current mode: Handler HardFault
xPSR: 0x210f0003 pc: 0x080009ee msp: 0x2006feb8
target halted due to debug-request, current mode: Thread 
xPSR: 0x01000000 pc: 0x080011d8 msp: 0x20070000
** Programming Started **
auto erase enabled
target halted due to breakpoint, current mode: Thread 
xPSR: 0x61000000 pc: 0x20000046 msp: 0x20070000
wrote 65536 bytes from file /home/h2obrain/git/libopencm3-examples/examples/stm32/f7/stm32f769i-discovery/chrut_und_ruebli/application.elf in 1.444295s (44.312 KiB/s)
Warn : keep_alive() was not invoked in the 1000ms timelimit. GDB alive packet not sent! (1014). Workaround: increase "set remotetimeout" in GDB
** Programming Finished **
** Verify Started **
target halted due to breakpoint, current mode: Thread 
xPSR: 0x61000000 pc: 0x2000002e msp: 0x20070000
target halted due to breakpoint, current mode: Thread 
xPSR: 0x61000000 pc: 0x2000002e msp: 0x20070000
verified 34560 bytes in 0.204343s (165.163 KiB/s)
** Verified OK **
** Resetting Target **
Info : dropped 'telnet' connection
Info : dropped 'gdb' connection
