Warn : deprecated option: -p/--pipe. Use '-c "gdb_port pipe; log_output openocd.log"' instead.
hla_swd
Info : The selected transport took over low-level target control. The results might differ compared to plain JTAG/SWD
adapter speed: 2000 kHz
adapter_nsrst_delay: 100
srst_only separate srst_nogate srst_open_drain connect_deassert_srst
Info : Unable to match requested speed 2000 kHz, using 1800 kHz
Info : Unable to match requested speed 2000 kHz, using 1800 kHz
Info : clock speed 1800 kHz
Info : STLINK v2 JTAG v33 API v2 SWIM v25 VID 0x0483 PID 0x374B
Info : using stlink api v2
Info : Target voltage: 3.223127
Info : stm32f7x.cpu: hardware has 8 breakpoints, 4 watchpoints
Info : accepting 'gdb' connection from pipe
Info : device id = 0x10006451
Info : flash size = 2048kbytes
Info : Single Bank 2048 kiB STM32F76x/77x found
Info : halted: PC: 0x08000c26
Info : halted: PC: 0x08000c26
Info : halted: PC: 0x08000c28
Info : halted: PC: 0x08000c2c
Info : halted: PC: 0x08000c66
Info : halted: PC: 0x08000c6a
Info : halted: PC: 0x08000c22
Info : halted: PC: 0x08000c26
Info : halted: PC: 0x08000c28
Info : halted: PC: 0x08000c2c
Info : halted: PC: 0x08000c66
Info : halted: PC: 0x08000c6a
Info : halted: PC: 0x08000c22
Info : halted: PC: 0x08000c26
Info : halted: PC: 0x08000c28
Info : halted: PC: 0x08000c2c
Info : halted: PC: 0x08000c66
Info : halted: PC: 0x08000c6a
Info : halted: PC: 0x08000c22
Info : halted: PC: 0x08000c26
Info : halted: PC: 0x08000c28
Info : halted: PC: 0x08000c2c
Info : halted: PC: 0x08000c66
Info : halted: PC: 0x08000c6a
Info : halted: PC: 0x08000c22
Info : halted: PC: 0x08000c26
Info : halted: PC: 0x08000c28
Info : halted: PC: 0x08000c2c
Info : halted: PC: 0x08000c66
Info : halted: PC: 0x08000c6a
Info : halted: PC: 0x08000c22
Info : accepting 'telnet' connection on tcp/4444
target halted due to debug-request, current mode: Thread 
xPSR: 0x01000000 pc: 0x080011b4 msp: 0x20070000
** Programming Started **
auto erase enabled
target halted due to breakpoint, current mode: Thread 
xPSR: 0x61000000 pc: 0x20000046 msp: 0x20070000
wrote 65536 bytes from file /home/h2obrain/git/libopencm3-examples/examples/stm32/f7/stm32f769i-discovery/chrut_und_ruebli/application.elf in 1.446891s (44.233 KiB/s)
** Programming Finished **
** Verify Started **
target halted due to breakpoint, current mode: Thread 
xPSR: 0x61000000 pc: 0x2000002e msp: 0x20070000
target halted due to breakpoint, current mode: Thread 
xPSR: 0x61000000 pc: 0x2000002e msp: 0x20070000
verified 34440 bytes in 0.205084s (163.995 KiB/s)
** Verified OK **
** Resetting Target **
Info : dropped 'telnet' connection
Warn : WARNING! The target is already running. All changes GDB did to registers will be discarded! Waiting for target to halt.
